30-Oct-2025 21:19:49.928 INFO [main] org.apache.catalina.startup.VersionLoggerListener.log Nombre de la versión del servidor: Apache Tomcat/11.0.13
30-Oct-2025 21:19:49.931 INFO [main] org.apache.catalina.startup.VersionLoggerListener.log Server built:                      Oct 10 2025 13:57:31 UTC
30-Oct-2025 21:19:49.931 INFO [main] org.apache.catalina.startup.VersionLoggerListener.log Número de versión de servidor:     11.0.13.0
30-Oct-2025 21:19:49.931 INFO [main] org.apache.catalina.startup.VersionLoggerListener.log OS Name:                           Windows 11
30-Oct-2025 21:19:49.931 INFO [main] org.apache.catalina.startup.VersionLoggerListener.log Versión de Systema Operativo:      10.0
30-Oct-2025 21:19:49.932 INFO [main] org.apache.catalina.startup.VersionLoggerListener.log Arquitectura:                      amd64
30-Oct-2025 21:19:49.932 INFO [main] org.apache.catalina.startup.VersionLoggerListener.log Java Home:                         C:\Program Files\Java\jdk-25
30-Oct-2025 21:19:49.932 INFO [main] org.apache.catalina.startup.VersionLoggerListener.log JVM Version:                       25.0.1+8-LTS-27
30-Oct-2025 21:19:49.932 INFO [main] org.apache.catalina.startup.VersionLoggerListener.log Vededor JVM:                       Oracle Corporation
30-Oct-2025 21:19:49.932 INFO [main] org.apache.catalina.startup.VersionLoggerListener.log CATALINA_BASE:                     C:\Users\jhong\Documents\programacion-jhon\krakeDev\apache-tomcat-11.0.13
30-Oct-2025 21:19:49.933 INFO [main] org.apache.catalina.startup.VersionLoggerListener.log CATALINA_HOME:                     C:\Users\jhong\Documents\programacion-jhon\krakeDev\apache-tomcat-11.0.13
30-Oct-2025 21:19:49.947 INFO [main] org.apache.catalina.startup.VersionLoggerListener.log Command line argument:             -Djava.util.logging.config.file=C:\Users\jhong\Documents\programacion-jhon\krakeDev\apache-tomcat-11.0.13\conf\logging.properties
30-Oct-2025 21:19:49.947 INFO [main] org.apache.catalina.startup.VersionLoggerListener.log Command line argument:             -Djava.util.logging.manager=org.apache.juli.ClassLoaderLogManager
30-Oct-2025 21:19:49.947 INFO [main] org.apache.catalina.startup.VersionLoggerListener.log Command line argument:             -Djdk.tls.ephemeralDHKeySize=2048
30-Oct-2025 21:19:49.947 INFO [main] org.apache.catalina.startup.VersionLoggerListener.log Command line argument:             --add-opens=java.base/java.lang=ALL-UNNAMED
30-Oct-2025 21:19:49.947 INFO [main] org.apache.catalina.startup.VersionLoggerListener.log Command line argument:             --add-opens=java.base/java.lang.reflect=ALL-UNNAMED
30-Oct-2025 21:19:49.947 INFO [main] org.apache.catalina.startup.VersionLoggerListener.log Command line argument:             --add-opens=java.base/java.io=ALL-UNNAMED
30-Oct-2025 21:19:49.947 INFO [main] org.apache.catalina.startup.VersionLoggerListener.log Command line argument:             --add-opens=java.base/java.util=ALL-UNNAMED
30-Oct-2025 21:19:49.947 INFO [main] org.apache.catalina.startup.VersionLoggerListener.log Command line argument:             --add-opens=java.base/java.util.concurrent=ALL-UNNAMED
30-Oct-2025 21:19:49.947 INFO [main] org.apache.catalina.startup.VersionLoggerListener.log Command line argument:             --add-opens=java.rmi/sun.rmi.transport=ALL-UNNAMED
30-Oct-2025 21:19:49.947 INFO [main] org.apache.catalina.startup.VersionLoggerListener.log Command line argument:             --enable-native-access=ALL-UNNAMED
30-Oct-2025 21:19:49.948 INFO [main] org.apache.catalina.startup.VersionLoggerListener.log Command line argument:             -Dcatalina.base=C:\Users\jhong\Documents\programacion-jhon\krakeDev\apache-tomcat-11.0.13
30-Oct-2025 21:19:49.948 INFO [main] org.apache.catalina.startup.VersionLoggerListener.log Command line argument:             -Dcatalina.home=C:\Users\jhong\Documents\programacion-jhon\krakeDev\apache-tomcat-11.0.13
30-Oct-2025 21:19:49.948 INFO [main] org.apache.catalina.startup.VersionLoggerListener.log Command line argument:             -Djava.io.tmpdir=C:\Users\jhong\Documents\programacion-jhon\krakeDev\apache-tomcat-11.0.13\temp
30-Oct-2025 21:19:49.955 INFO [main] org.apache.catalina.core.AprLifecycleListener.lifecycleEvent Cargada la biblioteca nativa APR de Apache Tomcat [2.0.9] con la versión APR [1.7.6].
30-Oct-2025 21:19:49.977 INFO [main] org.apache.catalina.core.AprLifecycleListener.initializeSSL OpenSSL inicializado correctamente [OpenSSL 3.5.0 8 Apr 2025]
30-Oct-2025 21:19:50.222 INFO [main] org.apache.coyote.AbstractProtocol.init Inicializando el manejador de protocolo ["http-nio-8080"]

30-Oct-2025 21:19:50.256 INFO [main] org.apache.catalina.startup.Catalina.load Server initialization in [528] milliseconds
30-Oct-2025 21:19:50.309 INFO [main] org.apache.catalina.core.StandardService.startInternal Arrancando servicio [Catalina]
30-Oct-2025 21:19:50.309 INFO [main] org.apache.catalina.core.StandardEngine.startInternal Starting Servlet engine: [Apache Tomcat/11.0.13]
30-Oct-2025 21:19:50.320 INFO [main] org.apache.catalina.startup.HostConfig.deployDirectory Desplegando el directorio [C:\Users\jhong\Documents\programacion-jhon\krakeDev\apache-tomcat-11.0.13\webapps\docs] de la aplicación web
30-Oct-2025 21:19:50.697 INFO [main] org.apache.catalina.startup.HostConfig.deployDirectory Deployment of web application directory [C:\Users\jhong\Documents\programacion-jhon\krakeDev\apache-tomcat-11.0.13\webapps\docs] has finished in [371] ms
30-Oct-2025 21:19:50.698 INFO [main] org.apache.catalina.startup.HostConfig.deployDirectory Desplegando el directorio [C:\Users\jhong\Documents\programacion-jhon\krakeDev\apache-tomcat-11.0.13\webapps\examples] de la aplicación web
30-Oct-2025 21:19:52.682 INFO [main] org.apache.catalina.startup.HostConfig.deployDirectory Deployment of web application directory [C:\Users\jhong\Documents\programacion-jhon\krakeDev\apache-tomcat-11.0.13\webapps\examples] has finished in [1.984] ms
30-Oct-2025 21:19:52.683 INFO [main] org.apache.catalina.startup.HostConfig.deployDirectory Desplegando el directorio [C:\Users\jhong\Documents\programacion-jhon\krakeDev\apache-tomcat-11.0.13\webapps\host-manager] de la aplicación web
30-Oct-2025 21:19:52.734 INFO [main] org.apache.catalina.startup.HostConfig.deployDirectory Deployment of web application directory [C:\Users\jhong\Documents\programacion-jhon\krakeDev\apache-tomcat-11.0.13\webapps\host-manager] has finished in [51] ms
30-Oct-2025 21:19:52.734 INFO [main] org.apache.catalina.startup.HostConfig.deployDirectory Desplegando el directorio [C:\Users\jhong\Documents\programacion-jhon\krakeDev\apache-tomcat-11.0.13\webapps\manager] de la aplicación web
30-Oct-2025 21:19:52.783 INFO [main] org.apache.catalina.startup.HostConfig.deployDirectory Deployment of web application directory [C:\Users\jhong\Documents\programacion-jhon\krakeDev\apache-tomcat-11.0.13\webapps\manager] has finished in [49] ms
30-Oct-2025 21:19:52.783 INFO [main] org.apache.catalina.startup.HostConfig.deployDirectory Desplegando el directorio [C:\Users\jhong\Documents\programacion-jhon\krakeDev\apache-tomcat-11.0.13\webapps\ROOT] de la aplicación web
30-Oct-2025 21:19:52.820 INFO [main] org.apache.catalina.startup.HostConfig.deployDirectory Deployment of web application directory [C:\Users\jhong\Documents\programacion-jhon\krakeDev\apache-tomcat-11.0.13\webapps\ROOT] has finished in [37] ms
30-Oct-2025 21:19:52.824 INFO [main] org.apache.coyote.AbstractProtocol.start Starting ProtocolHandler ["http-nio-8080"]
30-Oct-2025 21:19:52.860 INFO [main] org.apache.catalina.startup.Catalina.start Server startup in [2602] milliseconds
30-Oct-2025 21:23:13.007 INFO [Catalina-utility-2] org.apache.catalina.startup.HostConfig.deployDirectory Desplegando el directorio [C:\Users\jhong\Documents\programacion-jhon\krakeDev\apache-tomcat-11.0.13\webapps\Nueva carpeta] de la aplicación web
30-Oct-2025 21:23:13.024 INFO [Catalina-utility-2] org.apache.catalina.startup.HostConfig.deployDirectory Deployment of web application directory [C:\Users\jhong\Documents\programacion-jhon\krakeDev\apache-tomcat-11.0.13\webapps\Nueva carpeta] has finished in [17] ms
30-Oct-2025 21:23:23.540 INFO [Catalina-utility-2] org.apache.catalina.startup.HostConfig.undeploy Repliegue (undeploy) de la aplicación web que tiene como trayectoria de contexto [/Nueva carpeta]
30-Oct-2025 21:23:23.556 INFO [Catalina-utility-2] org.apache.catalina.startup.HostConfig.deployDirectory Desplegando el directorio [C:\Users\jhong\Documents\programacion-jhon\krakeDev\apache-tomcat-11.0.13\webapps\Krakedev] de la aplicación web
30-Oct-2025 21:23:23.571 INFO [Catalina-utility-2] org.apache.catalina.startup.HostConfig.deployDirectory Deployment of web application directory [C:\Users\jhong\Documents\programacion-jhon\krakeDev\apache-tomcat-11.0.13\webapps\Krakedev] has finished in [14] ms
30-Oct-2025 21:23:44.099 INFO [Catalina-utility-2] org.apache.catalina.startup.HostConfig.undeploy Repliegue (undeploy) de la aplicación web que tiene como trayectoria de contexto [/Krakedev]
30-Oct-2025 21:23:44.113 INFO [Catalina-utility-2] org.apache.catalina.startup.HostConfig.deployDirectory Desplegando el directorio [C:\Users\jhong\Documents\programacion-jhon\krakeDev\apache-tomcat-11.0.13\webapps\Krakedev.tomcast] de la aplicación web
30-Oct-2025 21:23:44.146 INFO [Catalina-utility-2] org.apache.catalina.startup.HostConfig.deployDirectory Deployment of web application directory [C:\Users\jhong\Documents\programacion-jhon\krakeDev\apache-tomcat-11.0.13\webapps\Krakedev.tomcast] has finished in [33] ms
30-Oct-2025 21:32:54.712 INFO [Catalina-utility-2] org.apache.catalina.startup.HostConfig.deployDirectory Desplegando el directorio [C:\Users\jhong\Documents\programacion-jhon\krakeDev\apache-tomcat-11.0.13\webapps\DadosArchivos] de la aplicación web
30-Oct-2025 21:32:54.732 INFO [Catalina-utility-2] org.apache.catalina.startup.HostConfig.deployDirectory Deployment of web application directory [C:\Users\jhong\Documents\programacion-jhon\krakeDev\apache-tomcat-11.0.13\webapps\DadosArchivos] has finished in [20] ms
